# JRE version: Java(TM) SE Runtime Environment (8.0_05-b13) (build 1.8.0_05-b13)
# Java VM: Java HotSpot(TM) Client VM (25.5-b02 mixed mode windows-x86 )
Heap:
 def new generation   total 4928K, used 3421K [0x0f200000, 0x0f750000, 0x14750000)
  eden space 4416K,  68% used [0x0f200000, 0x0f4f9438, 0x0f650000)
  from space 512K,  73% used [0x0f650000, 0x0f6ae270, 0x0f6d0000)
  to   space 512K,   0% used [0x0f6d0000, 0x0f6d0000, 0x0f750000)
 tenured generation   total 10944K, used 1586K [0x14750000, 0x15200000, 0x1f200000)
   the space 10944K,  14% used [0x14750000, 0x148dcb10, 0x148dcc00, 0x15200000)
 Metaspace       used 7638K, capacity 7727K, committed 7808K, reserved 8576K
GC Heap History (4 events):
Event: 1.896 GC heap before
{Heap before GC invocations=0 (full 0):
 def new generation   total 4928K, used 4416K [0x0f200000, 0x0f750000, 0x14750000)
  eden space 4416K, 100% used [0x0f200000, 0x0f650000, 0x0f650000)
  from space 512K,   0% used [0x0f650000, 0x0f650000, 0x0f6d0000)
  to   space 512K,   0% used [0x0f6d0000, 0x0f6d0000, 0x0f750000)
 tenured generation   total 10944K, used 0K [0x14750000, 0x15200000, 0x1f200000)
   the space 10944K,   0% used [0x14750000, 0x14750000, 0x14750200, 0x15200000)
 Metaspace       used 6848K, capacity 6951K, committed 7040K, reserved 7552K
Event: 1.907 GC heap after
Heap after GC invocations=1 (full 0):
 def new generation   total 4928K, used 512K [0x0f200000, 0x0f750000, 0x14750000)
  eden space 4416K,   0% used [0x0f200000, 0x0f200000, 0x0f650000)
  from space 512K, 100% used [0x0f6d0000, 0x0f750000, 0x0f750000)
  to   space 512K,   0% used [0x0f650000, 0x0f650000, 0x0f6d0000)
 tenured generation   total 10944K, used 1075K [0x14750000, 0x15200000, 0x1f200000)
   the space 10944K,   9% used [0x14750000, 0x1485ceb8, 0x1485d000, 0x15200000)
 Metaspace       used 6848K, capacity 6951K, committed 7040K, reserved 7552K
}
Event: 103.349 GC heap before
{Heap before GC invocations=1 (full 0):
 def new generation   total 4928K, used 4928K [0x0f200000, 0x0f750000, 0x14750000)
  eden space 4416K, 100% used [0x0f200000, 0x0f650000, 0x0f650000)
  from space 512K, 100% used [0x0f6d0000, 0x0f750000, 0x0f750000)
  to   space 512K,   0% used [0x0f650000, 0x0f650000, 0x0f6d0000)
 tenured generation   total 10944K, used 1075K [0x14750000, 0x15200000, 0x1f200000)
   the space 10944K,   9% used [0x14750000, 0x1485ceb8, 0x1485d000, 0x15200000)
 Metaspace       used 7626K, capacity 7727K, committed 7808K, reserved 8576K
Event: 103.355 GC heap after
Heap after GC invocations=2 (full 0):
 def new generation   total 4928K, used 376K [0x0f200000, 0x0f750000, 0x14750000)
  eden space 4416K,   0% used [0x0f200000, 0x0f200000, 0x0f650000)
  from space 512K,  73% used [0x0f650000, 0x0f6ae270, 0x0f6d0000)
  to   space 512K,   0% used [0x0f6d0000, 0x0f6d0000, 0x0f750000)
 tenured generation   total 10944K, used 1586K [0x14750000, 0x15200000, 0x1f200000)
   the space 10944K,  14% used [0x14750000, 0x148dcb10, 0x148dcc00, 0x15200000)
 Metaspace       used 7626K, capacity 7727K, committed 7808K, reserved 8576K
}

